[TRACE  15:27:52] "Require regular type gameutility"
[TRACE  15:27:53] "creating game utility"
[TRACE  15:27:54] "object please delete me"
[DEBUG  15:27:54] "Type not recognize nil"
[TRACE  15:27:54] "Convert type nil"
[DEBUG  15:27:54] "Type not recognize nil"
[TRACE  15:27:54] "Convert type nil"
[DEBUG  15:27:54] "Type not recognize nil"
[TRACE  15:27:54] "Convert type nil"
[DEBUG  15:27:54] "Type not recognize nil"
[TRACE  15:27:54] "Convert type nil"
[DEBUG  15:27:54] "Type not recognize nil"
[TRACE  15:27:54] "Convert type nil"
[DEBUG  15:27:54] "Type not recognize nil"
[TRACE  15:27:54] "Convert type nil"
[TRACE  15:27:54] "Convert type object"
[TRACE  15:27:54] "RAndom message Throw your phone. from 2"
[TRACE  15:28:00] "RAndom message Call google. from 3"
[TRACE  15:28:00] "RAndom message Throw your phone. from 2"
[TRACE  15:28:00] "RAndom message Pretend to be sleeping. from 5"
[TRACE  15:28:00] "Require custom type gameUtility"
[TRACE  15:28:01] "creating game utility"
[TRACE  15:28:01] "Require regular type pattern"
[TRACE  15:28:01] "Require custom type gameUtility"
[TRACE  15:28:01] "Require regular type location"
[TRACE  15:28:01] "Require custom type gameUtility"
[TRACE  15:28:01] "Require regular type task"
[TRACE  15:28:01] "Require custom type gameutility"
[TRACE  15:28:01] "Require regular type task"
[TRACE  15:28:01] "RAndom message Throw your phone. from 2"
[TRACE  15:28:01] "gameMode please delete me"
[TRACE  15:28:01] "Require type gamemode"
[TRACE  15:28:01] "Require regular type gamemode"
[TRACE  15:28:02] "Require custom type gameUtility"
[TRACE  15:28:02] "Require regular type dictionary"
[TRACE  15:28:02] "Require custom type gameUtility"
[TRACE  15:28:02] "Require regular type pattern"
[TRACE  15:28:02] "Object created of type gamemode"
[TRACE  15:28:02] "Converting type string"
[TRACE  15:28:02] "Convert type string"
[TRACE  15:28:02] "Converting type number"
[TRACE  15:28:02] "Convert type number"
[TRACE  15:28:02] "Converting type dictionary"
[TRACE  15:28:02] "Require type dictionary"
[TRACE  15:28:02] "Require custom type dictionary"
[TRACE  15:28:02] "Object created of type dictionary"
[TRACE  15:28:02] "Converting type string"
[TRACE  15:28:02] "Convert type string"
[TRACE  15:28:02] "Converting type task"
[TRACE  15:28:03] "Require type task"
[TRACE  15:28:03] "Require regular type task"
[TRACE  15:28:03] "Object created of type task"
[TRACE  15:28:03] "Converting type string"
[TRACE  15:28:03] "Convert type string"
[TRACE  15:28:03] "Converting type string"
[TRACE  15:28:03] "Convert type string"
[TRACE  15:28:03] "Converting type string"
[TRACE  15:28:03] "Convert type string"
[TRACE  15:28:03] "Converting type pattern"
[TRACE  15:28:03] "Require type pattern"
[TRACE  15:28:03] "Require regular type pattern"
[TRACE  15:28:03] "Object created of type pattern"
[TRACE  15:28:03] "Converting type number"
[TRACE  15:28:03] "Convert type number"
[TRACE  15:28:03] "Converting type string"
[TRACE  15:28:03] "Convert type string"
[TRACE  15:28:03] "Converting type number"
[TRACE  15:28:03] "Convert type number"
[TRACE  15:28:04] "Converting type string"
[TRACE  15:28:04] "Convert type string"
[TRACE  15:28:04] "Converting type number"
[TRACE  15:28:04] "Convert type number"
[TRACE  15:28:04] "Converting type number"
[TRACE  15:28:04] "Convert type number"
[TRACE  15:28:04] "Converting type number"
[TRACE  15:28:04] "Convert type number"
[TRACE  15:28:04] "Converting type number"
[TRACE  15:28:04] "Convert type number"
[TRACE  15:28:04] "Convert type pattern"
[TRACE  15:28:04] "Convert type task"
[TRACE  15:28:04] "Converting type task"
[TRACE  15:28:04] "Require type task"
[TRACE  15:28:04] "Require custom type task"
[TRACE  15:28:04] "Object created of type task"
[TRACE  15:28:04] "Converting type string"
[TRACE  15:28:04] "Convert type string"
[TRACE  15:28:04] "Converting type string"
[TRACE  15:28:04] "Convert type string"
[TRACE  15:28:04] "Converting type string"
[TRACE  15:28:05] "Convert type string"
[TRACE  15:28:05] "Converting type location"
[TRACE  15:28:05] "Require type location"
[TRACE  15:28:05] "Require regular type location"
[TRACE  15:28:05] "Object created of type location"
[TRACE  15:28:05] "Converting type number"
[TRACE  15:28:05] "Convert type number"
[TRACE  15:28:05] "Converting type number"
[TRACE  15:28:05] "Convert type number"
[TRACE  15:28:05] "Converting type string"
[TRACE  15:28:05] "Convert type string"
[TRACE  15:28:05] "Convert type location"
[TRACE  15:28:05] "Convert type task"
[TRACE  15:28:05] "Converting type task"
[TRACE  15:28:05] "Require type task"
[TRACE  15:28:05] "Require custom type task"
[TRACE  15:28:05] "Object created of type task"
[TRACE  15:28:05] "Converting type string"
[TRACE  15:28:05] "Convert type string"
[TRACE  15:28:05] "Converting type string"
[TRACE  15:28:06] "Convert type string"
[TRACE  15:28:06] "Converting type number"
[TRACE  15:28:06] "Convert type number"
[TRACE  15:28:06] "Converting type string"
[TRACE  15:28:06] "Convert type string"
[TRACE  15:28:06] "Convert type task"
[TRACE  15:28:06] "Converting type string"
[TRACE  15:28:06] "Convert type string"
[TRACE  15:28:06] "Converting type task"
[TRACE  15:28:06] "Require type task"
[TRACE  15:28:06] "Require custom type task"
[TRACE  15:28:06] "Object created of type task"
[TRACE  15:28:06] "Converting type string"
[TRACE  15:28:06] "Convert type string"
[TRACE  15:28:06] "Converting type string"
[TRACE  15:28:06] "Convert type string"
[TRACE  15:28:06] "Converting type string"
[TRACE  15:28:06] "Convert type string"
[TRACE  15:28:06] "Converting type location"
[TRACE  15:28:07] "Require type location"
[TRACE  15:28:07] "Require custom type location"
[TRACE  15:28:07] "Object created of type location"
[TRACE  15:28:07] "Converting type number"
[TRACE  15:28:07] "Convert type number"
[TRACE  15:28:07] "Converting type number"
[TRACE  15:28:07] "Convert type number"
[TRACE  15:28:07] "Converting type string"
[TRACE  15:28:07] "Convert type string"
[TRACE  15:28:07] "Convert type location"
[TRACE  15:28:07] "Convert type task"
[TRACE  15:28:07] "Converting type task"
[TRACE  15:28:07] "Require type task"
[TRACE  15:28:07] "Require custom type task"
[TRACE  15:28:07] "Object created of type task"
[TRACE  15:28:07] "Converting type string"
[TRACE  15:28:07] "Convert type string"
[TRACE  15:28:07] "Converting type string"
[TRACE  15:28:07] "Convert type string"
[TRACE  15:28:08] "Converting type string"
[TRACE  15:28:08] "Convert type string"
[TRACE  15:28:08] "Converting type location"
[TRACE  15:28:08] "Require type location"
[TRACE  15:28:08] "Require custom type location"
[TRACE  15:28:08] "Object created of type location"
[TRACE  15:28:08] "Converting type number"
[TRACE  15:28:08] "Convert type number"
[TRACE  15:28:08] "Converting type number"
[TRACE  15:28:08] "Convert type number"
[TRACE  15:28:08] "Converting type string"
[TRACE  15:28:08] "Convert type string"
[TRACE  15:28:08] "Convert type location"
[TRACE  15:28:08] "Convert type task"
[TRACE  15:28:08] "Convert type dictionary"
[TRACE  15:28:08] "Converting type string"
[TRACE  15:28:08] "Convert type string"
[TRACE  15:28:08] "Converting type dictionary"
[TRACE  15:28:08] "Require type dictionary"
[TRACE  15:28:08] "Require custom type dictionary"
[TRACE  15:28:08] "Object created of type dictionary"
[TRACE  15:28:09] "Converting type string"
[TRACE  15:28:09] "Convert type string"
[TRACE  15:28:09] "Converting type pattern"
[TRACE  15:28:09] "Require type pattern"
[TRACE  15:28:09] "Require custom type pattern"
[TRACE  15:28:09] "Object created of type pattern"
[TRACE  15:28:09] "Converting type number"
[TRACE  15:28:09] "Convert type number"
[TRACE  15:28:09] "Converting type string"
[TRACE  15:28:09] "Convert type string"
[TRACE  15:28:09] "Converting type number"
[TRACE  15:28:09] "Convert type number"
[TRACE  15:28:09] "Converting type string"
[TRACE  15:28:09] "Convert type string"
[TRACE  15:28:09] "Converting type number"
[TRACE  15:28:09] "Convert type number"
[TRACE  15:28:09] "Converting type number"
[TRACE  15:28:09] "Convert type number"
[TRACE  15:28:10] "Converting type number"
[TRACE  15:28:10] "Convert type number"
[TRACE  15:28:10] "Converting type number"
[TRACE  15:28:10] "Convert type number"
[TRACE  15:28:10] "Convert type pattern"
[TRACE  15:28:10] "Converting type pattern"
[TRACE  15:28:10] "Require type pattern"
[TRACE  15:28:10] "Require custom type pattern"
[TRACE  15:28:10] "Object created of type pattern"
[TRACE  15:28:10] "Converting type number"
[TRACE  15:28:10] "Convert type number"
[TRACE  15:28:10] "Converting type string"
[TRACE  15:28:10] "Convert type string"
[TRACE  15:28:10] "Converting type number"
[TRACE  15:28:10] "Convert type number"
[TRACE  15:28:10] "Converting type number"
[TRACE  15:28:10] "Convert type number"
[TRACE  15:28:10] "Converting type number"
[TRACE  15:28:10] "Convert type number"
[TRACE  15:28:10] "Converting type number"
[TRACE  15:28:11] "Convert type number"
[TRACE  15:28:11] "Converting type string"
[TRACE  15:28:11] "Convert type string"
[TRACE  15:28:11] "Converting type number"
[TRACE  15:28:11] "Convert type number"
[TRACE  15:28:11] "Convert type pattern"
[TRACE  15:28:11] "Converting type string"
[TRACE  15:28:11] "Convert type string"
[TRACE  15:28:11] "Converting type pattern"
[TRACE  15:28:11] "Require type pattern"
[TRACE  15:28:11] "Require custom type pattern"
[TRACE  15:28:11] "Object created of type pattern"
[TRACE  15:28:11] "Converting type number"
[TRACE  15:28:11] "Convert type number"
[TRACE  15:28:11] "Converting type string"
[TRACE  15:28:11] "Convert type string"
[TRACE  15:28:11] "Converting type number"
[TRACE  15:28:11] "Convert type number"
[TRACE  15:28:11] "Converting type number"
[TRACE  15:28:11] "Convert type number"
[TRACE  15:28:12] "Converting type number"
[TRACE  15:28:12] "Convert type number"
[TRACE  15:28:12] "Converting type number"
[TRACE  15:28:12] "Convert type number"
[TRACE  15:28:12] "Converting type string"
[TRACE  15:28:12] "Convert type string"
[TRACE  15:28:12] "Converting type number"
[TRACE  15:28:12] "Convert type number"
[TRACE  15:28:12] "Convert type pattern"
[TRACE  15:28:12] "Converting type pattern"
[TRACE  15:28:12] "Require type pattern"
[TRACE  15:28:12] "Require custom type pattern"
[TRACE  15:28:12] "Object created of type pattern"
[TRACE  15:28:12] "Converting type number"
[TRACE  15:28:12] "Convert type number"
[TRACE  15:28:12] "Converting type string"
[TRACE  15:28:12] "Convert type string"
[TRACE  15:28:12] "Converting type number"
[TRACE  15:28:12] "Convert type number"
[TRACE  15:28:13] "Converting type number"
[TRACE  15:28:13] "Convert type number"
[TRACE  15:28:13] "Converting type number"
[TRACE  15:28:13] "Convert type number"
[TRACE  15:28:13] "Converting type number"
[TRACE  15:28:13] "Convert type number"
[TRACE  15:28:13] "Converting type string"
[TRACE  15:28:13] "Convert type string"
[TRACE  15:28:13] "Converting type number"
[TRACE  15:28:13] "Convert type number"
[TRACE  15:28:13] "Convert type pattern"
[TRACE  15:28:13] "Convert type dictionary"
[TRACE  15:28:13] "Convert type gameMode"
[TRACE  15:28:13] "Get Region with x=1758, y=20, w=60, h=64"
[TRACE  15:28:17] "Get Region with x=1592, y=990, w=123, h=36"
[TRACE  15:28:20] "enter.pat.png"
[TRACE  15:28:20] "Executing click"
[TRACE  15:28:20] "Location x=1653, Location y=1008"
[TRACE  15:28:20] "Intialize location"
[TRACE  15:28:20] "X of the loc 1653"
[TRACE  15:28:22] "Executing wait"
[TRACE  15:28:22] "wait for500 ms"
[TRACE  15:28:23] "Executing click"
[TRACE  15:28:23] "Location x=1623, Location y=202"
[TRACE  15:28:23] "Intialize location"
[TRACE  15:28:23] "X of the loc 1623"
[TRACE  15:28:26] "Executing click"
[TRACE  15:28:26] "Location x=250, Location y=346"
[TRACE  15:28:26] "Intialize location"
[TRACE  15:28:26] "X of the loc 250"
[TRACE  15:28:29] "Executing click"
[TRACE  15:28:29] "Get Region with x=1758, y=20, w=60, h=64"
[TRACE  15:28:34] "Executing click"
[TRACE  15:28:34] "Location x=1653, Location y=1008"
[TRACE  15:28:34] "Intialize location"
[TRACE  15:28:34] "X of the loc 1653"
[TRACE  15:28:36] "Executing wait"
[TRACE  15:28:36] "wait for500 ms"
[TRACE  15:28:37] "Executing click"
[TRACE  15:28:37] "Location x=1623, Location y=202"
[TRACE  15:28:37] "Intialize location"
[TRACE  15:28:37] "X of the loc 1623"
[TRACE  15:28:40] "Executing click"
[TRACE  15:28:40] "Location x=250, Location y=346"
[TRACE  15:28:40] "Intialize location"
[TRACE  15:28:40] "X of the loc 250"
[TRACE  15:28:43] "Executing click"
[TRACE  15:28:43] "Get Region with x=1758, y=20, w=60, h=64"
[TRACE  15:28:49] "Executing click"
[TRACE  15:28:49] "Location x=1653, Location y=1008"
[TRACE  15:28:49] "Intialize location"
[TRACE  15:28:49] "X of the loc 1653"
[TRACE  15:28:51] "Executing wait"
[TRACE  15:28:51] "wait for500 ms"
[TRACE  15:28:52] "Executing click"
[TRACE  15:28:52] "Location x=1623, Location y=202"
[TRACE  15:28:52] "Intialize location"
[TRACE  15:28:52] "X of the loc 1623"
[TRACE  15:28:55] "Executing click"
[TRACE  15:28:55] "Location x=250, Location y=346"
[TRACE  15:28:55] "Intialize location"
[TRACE  15:28:55] "X of the loc 250"
[TRACE  15:28:57] "Executing click"
[TRACE  15:28:57] "Get Region with x=1758, y=20, w=60, h=64"
[TRACE  15:29:02] "Executing click"
[TRACE  15:29:03] "Location x=1653, Location y=1008"
[TRACE  15:29:03] "Intialize location"
[TRACE  15:29:03] "X of the loc 1653"
[TRACE  15:29:05] "Executing wait"
[TRACE  15:29:05] "wait for500 ms"
[TRACE  15:29:05] "Executing click"
[TRACE  15:29:05] "Location x=1623, Location y=202"
[TRACE  15:29:06] "Intialize location"
[TRACE  15:29:06] "X of the loc 1623"
[TRACE  15:29:08] "Executing click"
[TRACE  15:29:08] "Location x=250, Location y=346"
[TRACE  15:29:09] "Intialize location"
[TRACE  15:29:09] "X of the loc 250"
[TRACE  15:29:11] "Executing click"
[TRACE  15:29:11] "Get Region with x=1758, y=20, w=60, h=64"
[TRACE  15:29:17] "Executing click"
[TRACE  15:29:17] "Location x=1653, Location y=1008"
[TRACE  15:29:17] "Intialize location"
[TRACE  15:29:17] "X of the loc 1653"
[TRACE  15:29:19] "Executing wait"
[TRACE  15:29:19] "wait for500 ms"
[TRACE  15:29:20] "Executing click"
[TRACE  15:29:20] "Location x=1623, Location y=202"
[TRACE  15:29:20] "Intialize location"
[TRACE  15:29:20] "X of the loc 1623"
[TRACE  15:29:23] "Executing click"
[TRACE  15:29:23] "Location x=250, Location y=346"
[TRACE  15:29:23] "Intialize location"
[TRACE  15:29:23] "X of the loc 250"
[TRACE  15:29:25] "Executing click"
[TRACE  15:29:25] "Get Region with x=1758, y=20, w=60, h=64"
[TRACE  15:29:31] "Executing click"
[TRACE  15:29:31] "Location x=1653, Location y=1008"
[TRACE  15:29:31] "Intialize location"
[TRACE  15:29:31] "X of the loc 1653"
[TRACE  15:29:33] "Executing wait"
[TRACE  15:29:33] "wait for500 ms"
[TRACE  15:29:34] "Executing click"
[TRACE  15:29:34] "Location x=1623, Location y=202"
[TRACE  15:29:34] "Intialize location"
[TRACE  15:29:34] "X of the loc 1623"
[TRACE  15:29:37] "Executing click"
[TRACE  15:29:37] "Location x=250, Location y=346"
[TRACE  15:29:37] "Intialize location"
[TRACE  15:29:37] "X of the loc 250"
[TRACE  15:29:40] "Executing click"
[TRACE  15:29:40] "Get Region with x=1758, y=20, w=60, h=64"
[TRACE  15:29:45] "Executing click"
[TRACE  15:29:45] "Location x=1653, Location y=1008"
[TRACE  15:29:45] "Intialize location"
[TRACE  15:29:45] "X of the loc 1653"
[TRACE  15:29:47] "Executing wait"
[TRACE  15:29:48] "wait for500 ms"
[TRACE  15:29:48] "Executing click"
[TRACE  15:29:48] "Location x=1623, Location y=202"
[TRACE  15:29:48] "Intialize location"
[TRACE  15:29:48] "X of the loc 1623"
[TRACE  15:29:51] "Executing click"
[TRACE  15:29:51] "Location x=250, Location y=346"
[TRACE  15:29:51] "Intialize location"
[TRACE  15:29:52] "X of the loc 250"
[TRACE  15:29:54] "Executing click"
[TRACE  15:29:54] "Get Region with x=1758, y=20, w=60, h=64"
[TRACE  15:30:00] "Executing click"
[TRACE  15:30:00] "Location x=1653, Location y=1008"
[TRACE  15:30:00] "Intialize location"
[TRACE  15:30:01] "X of the loc 1653"
[TRACE  15:30:03] "Executing wait"
[TRACE  15:30:03] "wait for500 ms"
[TRACE  15:30:04] "Executing click"
[TRACE  15:30:04] "Location x=1623, Location y=202"
[TRACE  15:30:04] "Intialize location"
[TRACE  15:30:04] "X of the loc 1623"
[TRACE  15:30:07] "Executing click"
[TRACE  15:30:07] "Location x=250, Location y=346"
[TRACE  15:30:07] "Intialize location"
[TRACE  15:30:07] "X of the loc 250"
[TRACE  15:30:10] "Executing click"
[TRACE  15:30:10] "Get Region with x=1758, y=20, w=60, h=64"
[TRACE  15:30:15] "Executing click"
[TRACE  15:30:15] "Location x=1653, Location y=1008"
[TRACE  15:30:15] "Intialize location"
[TRACE  15:30:16] "X of the loc 1653"
[TRACE  15:30:18] "Executing wait"
[TRACE  15:30:18] "wait for500 ms"
[TRACE  15:30:19] "Executing click"
[TRACE  15:30:19] "Location x=1623, Location y=202"
[TRACE  15:30:19] "Intialize location"
[TRACE  15:30:19] "X of the loc 1623"
[TRACE  15:30:22] "Executing click"
[TRACE  15:30:22] "Location x=250, Location y=346"
[TRACE  15:30:22] "Intialize location"
[TRACE  15:30:22] "X of the loc 250"
[TRACE  15:30:25] "Executing click"
[TRACE  15:30:25] "Get Region with x=1758, y=20, w=60, h=64"
[TRACE  15:30:31] "Executing click"
[TRACE  15:30:31] "Location x=1653, Location y=1008"
[TRACE  15:30:31] "Intialize location"
[TRACE  15:30:31] "X of the loc 1653"
[TRACE  15:30:33] "Executing wait"
[TRACE  15:30:33] "wait for500 ms"
[TRACE  15:30:34] "Executing click"
[TRACE  15:30:34] "Location x=1623, Location y=202"
[TRACE  15:30:34] "Intialize location"
[TRACE  15:30:34] "X of the loc 1623"
[TRACE  15:30:37] "Executing click"
[TRACE  15:30:37] "Location x=250, Location y=346"
[TRACE  15:30:37] "Intialize location"
[TRACE  15:30:37] "X of the loc 250"
[TRACE  15:30:40] "Executing click"
[TRACE  15:30:40] "Get Region with x=1758, y=20, w=60, h=64"
[TRACE  15:30:46] "Executing click"
[TRACE  15:30:46] "Location x=1653, Location y=1008"
[TRACE  15:30:46] "Intialize location"
[TRACE  15:30:46] "X of the loc 1653"
[TRACE  15:30:48] "Executing wait"
[TRACE  15:30:48] "wait for500 ms"
[TRACE  15:30:49] "Executing click"
[TRACE  15:30:49] "Location x=1623, Location y=202"
[TRACE  15:30:49] "Intialize location"
[TRACE  15:30:49] "X of the loc 1623"
[TRACE  15:30:52] "Executing click"
[TRACE  15:30:52] "Location x=250, Location y=346"
[TRACE  15:30:52] "Intialize location"
[TRACE  15:30:52] "X of the loc 250"
[TRACE  15:30:55] "Executing click"
[TRACE  15:30:55] "Get Region with x=1758, y=20, w=60, h=64"
[TRACE  15:31:01] "Executing click"
[TRACE  15:31:01] "Location x=1653, Location y=1008"
[TRACE  15:31:01] "Intialize location"
[TRACE  15:31:01] "X of the loc 1653"
[TRACE  15:31:03] "Executing wait"
[TRACE  15:31:03] "wait for500 ms"
[TRACE  15:31:04] "Executing click"
[TRACE  15:31:04] "Location x=1623, Location y=202"
[TRACE  15:31:04] "Intialize location"
[TRACE  15:31:04] "X of the loc 1623"
[TRACE  15:31:07] "Executing click"
[TRACE  15:31:07] "Location x=250, Location y=346"
[TRACE  15:31:07] "Intialize location"
[TRACE  15:31:07] "X of the loc 250"
[TRACE  15:31:10] "Executing click"
[TRACE  15:31:11] "Get Region with x=1758, y=20, w=60, h=64"
[TRACE  15:31:17] "Executing click"
[TRACE  15:31:17] "Location x=1653, Location y=1008"
[TRACE  15:31:17] "Intialize location"
[TRACE  15:31:17] "X of the loc 1653"
[TRACE  15:31:19] "Executing wait"
[TRACE  15:31:19] "wait for500 ms"
[TRACE  15:31:20] "Executing click"
[TRACE  15:31:20] "Location x=1623, Location y=202"
[TRACE  15:31:20] "Intialize location"
[TRACE  15:31:20] "X of the loc 1623"
[TRACE  15:31:23] "Executing click"
[TRACE  15:31:23] "Location x=250, Location y=346"
[TRACE  15:31:23] "Intialize location"
[TRACE  15:31:23] "X of the loc 250"
[TRACE  15:31:26] "Executing click"
[TRACE  15:31:26] "Get Region with x=1758, y=20, w=60, h=64"
[TRACE  15:31:32] "Executing click"
[TRACE  15:31:32] "Location x=1653, Location y=1008"
[TRACE  15:31:32] "Intialize location"
[TRACE  15:31:32] "X of the loc 1653"
[TRACE  15:31:35] "Executing wait"
[TRACE  15:31:35] "wait for500 ms"
[TRACE  15:31:35] "Executing click"
[TRACE  15:31:36] "Location x=1623, Location y=202"
[TRACE  15:31:36] "Intialize location"
[TRACE  15:31:36] "X of the loc 1623"
[TRACE  15:31:39] "Executing click"
[TRACE  15:31:39] "Location x=250, Location y=346"
[TRACE  15:31:39] "Intialize location"
[TRACE  15:31:39] "X of the loc 250"
[TRACE  15:31:42] "Executing click"
[TRACE  15:31:43] "Get Region with x=1758, y=20, w=60, h=64"
[TRACE  15:31:50] "Executing click"
[TRACE  15:31:50] "Location x=1653, Location y=1008"
[TRACE  15:31:50] "Intialize location"
[TRACE  15:31:50] "X of the loc 1653"
[TRACE  15:31:52] "Executing wait"
[TRACE  15:31:52] "wait for500 ms"
[TRACE  15:31:53] "Executing click"
[TRACE  15:31:53] "Location x=1623, Location y=202"
[TRACE  15:31:53] "Intialize location"
[TRACE  15:31:53] "X of the loc 1623"
[TRACE  15:31:56] "Executing click"
[TRACE  15:31:56] "Location x=250, Location y=346"
[TRACE  15:31:56] "Intialize location"
[TRACE  15:31:56] "X of the loc 250"
[TRACE  15:31:59] "Executing click"
[TRACE  15:31:59] "Get Region with x=1758, y=20, w=60, h=64"
[TRACE  15:32:06] "Executing click"
[TRACE  15:32:06] "Location x=1653, Location y=1008"
[TRACE  15:32:06] "Intialize location"
[TRACE  15:32:06] "X of the loc 1653"
[TRACE  15:32:09] "Executing wait"
[TRACE  15:32:09] "wait for500 ms"
[TRACE  15:32:09] "Executing click"
[TRACE  15:32:09] "Location x=1623, Location y=202"
[TRACE  15:32:10] "Intialize location"
[TRACE  15:32:10] "X of the loc 1623"
[TRACE  15:32:13] "Executing click"
[TRACE  15:32:13] "Location x=250, Location y=346"
[TRACE  15:32:13] "Intialize location"
[TRACE  15:32:13] "X of the loc 250"
[TRACE  15:32:16] "Executing click"
[TRACE  15:32:16] "Get Region with x=1758, y=20, w=60, h=64"
[TRACE  15:32:22] "Executing click"
[TRACE  15:32:22] "Location x=1653, Location y=1008"
[TRACE  15:32:22] "Intialize location"
[TRACE  15:32:22] "X of the loc 1653"
[TRACE  15:32:24] "Executing wait"
[TRACE  15:32:24] "wait for500 ms"
[TRACE  15:32:25] "Executing click"
[TRACE  15:32:25] "Location x=1623, Location y=202"
[TRACE  15:32:25] "Intialize location"
[TRACE  15:32:26] "X of the loc 1623"
[TRACE  15:32:28] "Executing click"
[TRACE  15:32:28] "Location x=250, Location y=346"
[TRACE  15:32:28] "Intialize location"
[TRACE  15:32:29] "X of the loc 250"
[TRACE  15:32:31] "Executing click"
[TRACE  15:32:31] "Get Region with x=1758, y=20, w=60, h=64"
